<?xml version="1.0" encoding="UTF-8"?>
<robot generator="Robot 4.1.3 (Python 3.7.9 on win32)" generated="20220207 10:25:15.713" rpa="false" schemaversion="2">
<suite id="s1" name="Test Demo1" source="D:\dev\work_day\robot\test_demo1.robot">
<test id="s1-t1" name="My Test">
<kw name="Log" library="BuiltIn">
<arg>${MESSAGE}</arg>
<doc>Logs the given message with the given level.</doc>
<msg timestamp="20220207 10:25:15.771" level="INFO">Hello, world!</msg>
<status status="PASS" starttime="20220207 10:25:15.770" endtime="20220207 10:25:15.771"/>
</kw>
<kw name="My Keyword">
<arg>/tmp</arg>
<kw name="Directory Should Exist" library="OperatingSystem">
<arg>${path}</arg>
<doc>Fails unless the given path points to an existing directory.</doc>
<msg timestamp="20220207 10:25:15.772" level="FAIL">Directory 'D:\tmp' does not exist.</msg>
<status status="FAIL" starttime="20220207 10:25:15.771" endtime="20220207 10:25:15.772"/>
</kw>
<status status="FAIL" starttime="20220207 10:25:15.771" endtime="20220207 10:25:15.773"/>
</kw>
<doc>Example test</doc>
<status status="FAIL" starttime="20220207 10:25:15.769" endtime="20220207 10:25:15.774">Directory 'D:\tmp' does not exist.</status>
</test>
<test id="s1-t2" name="Another Test">
<kw name="Should Be Equal" library="BuiltIn">
<arg>${MESSAGE}</arg>
<arg>Hello, world!</arg>
<doc>Fails if the given objects are unequal.</doc>
<status status="PASS" starttime="20220207 10:25:15.775" endtime="20220207 10:25:15.775"/>
</kw>
<status status="PASS" starttime="20220207 10:25:15.774" endtime="20220207 10:25:15.775"/>
</test>
<status status="FAIL" starttime="20220207 10:25:15.717" endtime="20220207 10:25:15.776"/>
</suite>
<statistics>
<total>
<stat pass="1" fail="1" skip="0">All Tests</stat>
</total>
<tag>
</tag>
<suite>
<stat pass="1" fail="1" skip="0" id="s1" name="Test Demo1">Test Demo1</stat>
</suite>
</statistics>
<errors>
</errors>
</robot>
